<?xml version="1.0" encoding="UTF-8"?>
<!-- Generated by org.testng.reporters.JUnitReportReporter -->
<testsuite hostname="DESKTOP-2CM67BV" failures="0" tests="1" name="com.it.digitech.tests.CreateItemTest" time="46.599" errors="0" timestamp="15 Dec 2024 10:44:26 GMT" skipped="0">
  <testcase classname="com.it.digitech.tests.CreateItemTest" name="CreateItemMethod" time="46.599"/>
</testsuite> <!-- com.it.digitech.tests.CreateItemTest -->
