<?xml version="1.0" encoding="UTF-8"?>
<!-- Generated by org.testng.reporters.JUnitReportReporter -->
<testsuite hostname="DESKTOP-2CM67BV" failures="0" tests="1" name="com.it.digitech.tests.LoginTest" time="7.947" errors="0" timestamp="09 Oct 2024 11:18:50 GMT" skipped="0">
  <testcase classname="com.it.digitech.tests.LoginTest" name="testLoginMethod" time="7.947"/>
</testsuite> <!-- com.it.digitech.tests.LoginTest -->
