<?xml version="1.0" encoding="UTF-8"?>
<!-- Generated by org.testng.reporters.JUnitReportReporter -->
<testsuite hostname="DESKTOP-2CM67BV" failures="0" tests="1" name="com.it.digitech.tests.JournalVoucharTest" time="37.328" errors="0" timestamp="16 Nov 2024 11:34:57 GMT" skipped="0">
  <testcase classname="com.it.digitech.tests.JournalVoucharTest" name="testJournalVouchar" time="37.328"/>
</testsuite> <!-- com.it.digitech.tests.JournalVoucharTest -->
