<?xml version="1.0" encoding="UTF-8"?>
<!-- Generated by org.testng.reporters.JUnitReportReporter -->
<testsuite hostname="DESKTOP-2CM67BV" failures="0" tests="1" name="com.it.digitech.tests.LoginTest" time="7.721" errors="0" timestamp="07 Oct 2024 11:47:42 GMT" skipped="0">
  <testcase classname="com.it.digitech.tests.LoginTest" name="testLoginMethod" time="7.721"/>
</testsuite> <!-- com.it.digitech.tests.LoginTest -->
