<?xml version="1.0" encoding="UTF-8"?>
<!-- Generated by org.testng.reporters.JUnitReportReporter -->
<testsuite hostname="DESKTOP-2CM67BV" failures="0" tests="1" name="com.it.digitech.tests.PurchaseGrnCorpListTest" time="28.496" errors="0" timestamp="07 Oct 2024 11:47:42 GMT" skipped="0">
  <testcase classname="com.it.digitech.tests.PurchaseGrnCorpListTest" name="purchaseGrnCorpListMethod" time="28.496"/>
</testsuite> <!-- com.it.digitech.tests.PurchaseGrnCorpListTest -->
