<?xml version="1.0" encoding="UTF-8"?>
<!-- Generated by org.testng.reporters.JUnitReportReporter -->
<testsuite hostname="DESKTOP-2CM67BV" failures="0" tests="1" name="com.it.digitech.tests.PurchaseReturnTest" time="19.746" errors="0" timestamp="19 Oct 2024 11:57:27 GMT" skipped="0">
  <testcase classname="com.it.digitech.tests.PurchaseReturnTest" name="testPurchaseReturnMethod" time="19.746"/>
</testsuite> <!-- com.it.digitech.tests.PurchaseReturnTest -->
