<?xml version="1.0" encoding="UTF-8"?>
<!-- Generated by org.testng.reporters.JUnitReportReporter -->
<testsuite hostname="DESKTOP-2CM67BV" failures="0" tests="1" name="com.it.digitech.tests.PurchaseGrnCorpListTest" time="28.524" errors="0" timestamp="08 Oct 2024 08:17:39 GMT" skipped="0">
  <testcase classname="com.it.digitech.tests.PurchaseGrnCorpListTest" name="purchaseGrnCorpListMethod" time="28.524"/>
</testsuite> <!-- com.it.digitech.tests.PurchaseGrnCorpListTest -->
