<?xml version="1.0" encoding="UTF-8"?>
<!-- Generated by org.testng.reporters.JUnitReportReporter -->
<testsuite hostname="DESKTOP-2CM67BV" failures="0" tests="1" name="com.it.digitech.tests.PartySaleWithoutBarTest" time="26.833" errors="0" timestamp="17 Oct 2024 05:12:16 GMT" skipped="0">
  <testcase classname="com.it.digitech.tests.PartySaleWithoutBarTest" name="testPartySaleWoBarMethod" time="26.833"/>
</testsuite> <!-- com.it.digitech.tests.PartySaleWithoutBarTest -->
