<?xml version="1.0" encoding="UTF-8"?>
<!-- Generated by org.testng.reporters.JUnitReportReporter -->
<testsuite hostname="DESKTOP-2CM67BV" failures="0" tests="1" name="com.it.digitech.tests.LoginTest" time="8.841" errors="0" timestamp="20 Oct 2024 11:42:56 GMT" skipped="0">
  <testcase classname="com.it.digitech.tests.LoginTest" name="testLoginMethod" time="8.841"/>
</testsuite> <!-- com.it.digitech.tests.LoginTest -->
