<?xml version="1.0" encoding="UTF-8"?>
<!-- Generated by org.testng.reporters.JUnitReportReporter -->
<testsuite hostname="DESKTOP-2CM67BV" failures="0" tests="1" name="com.it.digitech.tests.HireSaleWithoutBarTest" time="34.893" errors="0" timestamp="20 Oct 2024 09:19:49 GMT" skipped="0">
  <testcase classname="com.it.digitech.tests.HireSaleWithoutBarTest" name="testHireSaleWoBarMethod" time="34.893"/>
</testsuite> <!-- com.it.digitech.tests.HireSaleWithoutBarTest -->
