<?xml version="1.0" encoding="UTF-8"?>
<!-- Generated by org.testng.reporters.JUnitReportReporter -->
<testsuite hostname="DESKTOP-2CM67BV" failures="0" tests="1" name="com.it.digitech.tests.SupplierPaymentTest" time="21.911" errors="0" timestamp="20 Oct 2024 11:42:56 GMT" skipped="0">
  <testcase classname="com.it.digitech.tests.SupplierPaymentTest" name="testSupplierPaymentMethod" time="21.911"/>
</testsuite> <!-- com.it.digitech.tests.SupplierPaymentTest -->
