<?xml version="1.0" encoding="UTF-8"?>
<!-- Generated by org.testng.reporters.JUnitReportReporter -->
<testsuite hostname="DESKTOP-2CM67BV" failures="0" tests="1" name="com.it.digitech.tests.CreateItemWBTest" time="44.590" errors="0" timestamp="23 Jun 2025 11:17:05 GMT" skipped="0">
  <testcase classname="com.it.digitech.tests.CreateItemWBTest" name="CreateItemWBMethod" time="44.590"/>
</testsuite> <!-- com.it.digitech.tests.CreateItemWBTest -->
