<?xml version="1.0" encoding="UTF-8"?>
<!-- Generated by org.testng.reporters.JUnitReportReporter -->
<testsuite hostname="DESKTOP-2CM67BV" failures="0" tests="1" name="com.it.digitech.tests.SupplierPaymentTest" time="26.305" errors="0" timestamp="16 Nov 2024 11:34:57 GMT" skipped="0">
  <testcase classname="com.it.digitech.tests.SupplierPaymentTest" name="testSupplierPaymentMethod" time="26.305"/>
</testsuite> <!-- com.it.digitech.tests.SupplierPaymentTest -->
