<?xml version="1.0" encoding="UTF-8"?>
<!-- Generated by org.testng.reporters.JUnitReportReporter -->
<testsuite hostname="DESKTOP-2CM67BV" failures="0" tests="1" name="com.it.digitech.tests.RetailSaleTest" time="11.780" errors="0" timestamp="31 Oct 2024 03:17:14 GMT" skipped="0">
  <testcase classname="com.it.digitech.tests.RetailSaleTest" name="testRetailSale" time="11.780"/>
</testsuite> <!-- com.it.digitech.tests.RetailSaleTest -->
