<?xml version="1.0" encoding="UTF-8"?>
<!-- Generated by org.testng.reporters.JUnitReportReporter -->
<testsuite hostname="DESKTOP-2CM67BV" failures="0" tests="1" name="com.it.digitech.tests.EmployeeTest" time="0.006" errors="0" timestamp="23 Sep 2024 11:48:57 GMT" skipped="0">
  <testcase classname="com.it.digitech.tests.EmployeeTest" name="addEmployee" time="0.006"/>
</testsuite> <!-- com.it.digitech.tests.EmployeeTest -->
