<?xml version="1.0" encoding="UTF-8"?>
<!-- Generated by org.testng.reporters.JUnitReportReporter -->
<testsuite hostname="DESKTOP-2CM67BV" failures="0" tests="1" name="com.it.digitech.tests.LoginTest" time="6.713" errors="0" timestamp="2024-11-14T17:20:14 BDT" skipped="0">
  <testcase classname="com.it.digitech.tests.LoginTest" name="testLoginMethod" time="6.713"/>
</testsuite> <!-- com.it.digitech.tests.LoginTest -->
